[2023-10-31T12:26:54.192Z] info message: Task created successfully
[2023-10-31T12:27:03.690Z] info message: Recieved list
[2023-10-31T12:27:11.331Z] info message: Task deleted successfully
[2023-10-31T12:27:42.505Z] info message: Task deleted successfully
[2023-10-31T12:30:19.515Z] info message: Task created successfully
[2023-10-31T12:30:33.929Z] info message: Received list
[2023-10-31T12:30:39.991Z] info message: Received list
[2023-10-31T12:30:42.504Z] info message: Task created successfully
[2023-10-31T12:30:43.562Z] info message: Received list
[2023-10-31T12:30:44.164Z] info message: Received list
[2023-10-31T12:30:44.509Z] info message: Received list
[2023-10-31T12:30:45.078Z] info message: Received list
[2023-10-31T12:30:45.542Z] info message: Received list
(undefined [2023-10-31T12:33:21.913Z] info message: Task created successfully
(undefined) [2023-10-31T12:33:57.321Z] info message: Task created successfully
(undefined) [2023-10-31T12:34:14.138Z] info message: Task created successfully
([object Object]) [2023-10-31T12:34:49.179Z] info message: Task created successfully
(12026) [2023-10-31T12:36:08.656Z] info message: Task created successfully
Data: [object Object]
(12026) [2023-10-31T12:37:04.700Z] info message: Task created successfully
(12026) [2023-10-31T12:37:14.051Z] info message: Received list
(12026) [2023-10-31T12:37:16.596Z] info message: Task deleted successfully
(12026) [2023-10-31T12:39:46.312Z] info message: Task created successfully
(12026) [2023-10-31T12:39:49.451Z] info message: Received list
(12026) [2023-10-31T12:39:51.680Z] info message: Task deleted successfully
(9522) [2023-10-31T12:40:00.396Z] info message: Task created successfully
(9522) [2023-10-31T12:40:02.347Z] info message: Received list
(9522) [2023-10-31T12:40:03.378Z] info message: Received list
(9522) [2023-10-31T12:40:03.906Z] info message: Received list
(9522) [2023-10-31T12:40:04.414Z] info message: Received list
(9522) [2023-10-31T12:40:04.833Z] info message: Received list
(12024) [2023-11-01T18:33:04.521Z] info message: Task created successfully
(12024) [2023-11-01T18:34:35.990Z] info message: Task created successfully
(15976) [2023-11-01T18:35:01.246Z] info message: Task created successfully
(15976) [2023-11-01T18:36:18.206Z] info message: Task created successfully
(15976) [2023-11-01T18:36:23.769Z] info message: Task created successfully
(15976) [2023-11-01T18:36:24.471Z] info message: Task created successfully
(15976) [2023-11-01T18:36:25.075Z] info message: Task created successfully
(15976) [2023-11-01T18:36:35.008Z] info message: Task created successfully
(15976) [2023-11-01T18:36:38.267Z] info message: Task created successfully
(15976) [2023-11-01T18:36:38.865Z] info message: Task created successfully
(15976) [2023-11-01T18:36:40.010Z] info message: Task created successfully
(15976) [2023-11-01T18:36:51.918Z] info message: Received list
